#
# A fatal error has been detected by the Java Runtime Environment:
#
#  SIGSEGV (0xb) at pc=0x000000016d7d3e18, pid=24894, tid=40195
#
# JRE version: OpenJDK Runtime Environment Zulu15.40+19-CA (15.0.7+4) (build 15.0.7+4-MTS)
# Java VM: OpenJDK 64-Bit Server VM Zulu15.40+19-CA (15.0.7+4-MTS, mixed mode, tiered, compressed oops, g1 gc, bsd-aarch64)
# Problematic frame:
# V  [libjvm.dylib+0x97e18]  _ZN5State17MachNodeGeneratorEi+0x174dc
#
# No core dump will be written. Core dumps have been disabled. To enable core dumping, try "ulimit -c unlimited" before starting Java again
#
# If you would like to submit a bug report, please visit:
#   http://www.azul.com/support/
#

---------------  S U M M A R Y ------------

Command Line: -Dfile.encoding=UTF8 -ea -Xmx1024m 

Host: MacBookPro18,3 arm64 1 MHz, 8 cores, 16G, Darwin 21.3.0
Time: Mon Aug 22 22:12:19 2022 KST elapsed time: 0.021654 seconds (0d 0h 0m 0s)

---------------  T H R E A D  ---------------

Current thread (0x000000013faae800):  JavaThread "C2 CompilerThread0" daemon [_thread_in_vm, id=40195, stack(0x000000017eed0000,0x000000017f0d3000)]

Stack: [0x000000017eed0000,0x000000017f0d3000],  sp=0x000000017f0d0300,  free space=2048k
Native frames: (J=compiled Java code, A=aot compiled Java code, j=interpreted, Vv=VM code, C=native code)
V  [libjvm.dylib+0x97e18]  _ZN5State17MachNodeGeneratorEi+0x174dc
V  [libjvm.dylib+0x692c98]  _ZN7Matcher10ReduceInstEP5StateiRP4Node+0x44
V  [libjvm.dylib+0x68eb98]  _ZN7Matcher10match_treeEPK4Node+0x188
V  [libjvm.dylib+0x691be0]  _ZN7Matcher26regmask_for_ideal_registerEjP4Node+0x588
V  [libjvm.dylib+0x68dc2c]  _ZN7Matcher15init_spill_maskEP4Node+0x27c
V  [libjvm.dylib+0x68d054]  _ZN7Matcher5matchEv+0x5c
V  [libjvm.dylib+0x229914]  _ZN7Compile8Code_GenEv+0x9c
V  [libjvm.dylib+0x22a430]  _ZN7CompileC2EP5ciEnvPFPK8TypeFuncvEPhPKcibbbP12DirectiveSet+0x3ec
V  [libjvm.dylib+0x796fd4]  _ZN11OptoRuntime13generate_stubEP5ciEnvPFPK8TypeFuncvEPhPKcibbb+0xb0
V  [libjvm.dylib+0x796bfc]  _ZN11OptoRuntime8generateEP5ciEnv+0x44
V  [libjvm.dylib+0x19e370]  _ZN10C2Compiler10initializeEv+0xfc
V  [libjvm.dylib+0x237540]  _ZN13CompileBroker21init_compiler_runtimeEv+0x148
V  [libjvm.dylib+0x237bf0]  _ZN13CompileBroker20compiler_thread_loopEv+0x1cc
V  [libjvm.dylib+0x8cb660]  _ZN10JavaThread17thread_main_innerEv+0xa0
V  [libjvm.dylib+0x8c8b5c]  _ZN6Thread8call_runEv+0x88
V  [libjvm.dylib+0x711b78]  _ZL19thread_native_entryP6Thread+0x1d0
C  [libsystem_pthread.dylib+0x7240]  _pthread_start+0x94


siginfo: si_signo: 11 (SIGSEGV), si_code: 2 (SEGV_ACCERR), si_addr: 0x000000016d7d3e18

Register to memory mapping:

 x0=0x0000000126ad7628 points into unknown readable memory: 0x0000000000000000 | 00 00 00 00 00 00 00 00
 x1=0x00000000000001db is an unknown value
 x2=0x00000000000001db is an unknown value
 x3=0x000000017f0d03b8 is pointing into the stack for thread: 0x000000013faae800
 x4=0x000000017f0d03b0 is pointing into the stack for thread: 0x000000013faae800
 x5=0x0000000107bb4a70 points into unknown readable memory: 0x000000016e1afd80 | 80 fd 1a 6e 01 00 00 00
 x6=0x0000000126ad7468 points into unknown readable memory: 0x000000016e1b9988 | 88 99 1b 6e 01 00 00 00
 x7=0x0 is NULL
 x8=0x0000000126ad7680 points into unknown readable memory: 0x0000000000000000 | 00 00 00 00 00 00 00 00
 x9=0x0000000126ade3e8 points into unknown readable memory: 0x0000000000000000 | 00 00 00 00 00 00 00 00
x10=0x000000016d7bf9b4: _ZN5State17MachNodeGeneratorEi+0x3078 in /Library/Java/JavaVirtualMachines/zulu-15.jdk/Contents/Home/lib/server/libjvm.dylib at 0x000000016d73c000
x11=0x0000000000000c0c is an unknown value
x12=0x00000001273f0bc8 points into unknown readable memory: 0x0065007900690053 | 53 00 69 00 79 00 65 00
x13=0x0000000000000014 is an unknown value
x14=0x0 is NULL
x15=0x000000003fffffff is an unknown value
x16=0x0000000000000020 is an unknown value
x17=0x0000600003874030 points into unknown readable memory: 0x0000000000000000 | 00 00 00 00 00 00 00 00
x18=0x0 is NULL
x19=0x00000001273f0a40 points into unknown readable memory: 0x00730061006c0066 | 66 00 6c 00 61 00 73 00
x20=0x000000017f0d2528 is pointing into the stack for thread: 0x000000013faae800
x21=0x000000017f0d2348 is pointing into the stack for thread: 0x000000013faae800
x22=0x00000001273f0a40 points into unknown readable memory: 0x00730061006c0066 | 66 00 6c 00 61 00 73 00
x23=0x000000017f0d03b8 is pointing into the stack for thread: 0x000000013faae800
x24=0x00000000000001db is an unknown value
x25=0x00000001273f0a40 points into unknown readable memory: 0x00730061006c0066 | 66 00 6c 00 61 00 73 00
x26=0x00000001273f0a40 points into unknown readable memory: 0x00730061006c0066 | 66 00 6c 00 61 00 73 00
x27=0x00000001273f31e8 points into unknown readable memory: 0x0000000000000000 | 00 00 00 00 00 00 00 00
x28=0x000000016ded3038 is pointing into the stack for thread: 0x000000013fa7da00


Registers:
 x0=0x0000000126ad7628  x1=0x00000000000001db  x2=0x00000000000001db  x3=0x000000017f0d03b8
 x4=0x000000017f0d03b0  x5=0x0000000107bb4a70  x6=0x0000000126ad7468  x7=0x0000000000000000
 x8=0x0000000126ad7680  x9=0x0000000126ade3e8 x10=0x000000016d7bf9b4 x11=0x0000000000000c0c
x12=0x00000001273f0bc8 x13=0x0000000000000014 x14=0x0000000000000000 x15=0x000000003fffffff
x16=0x0000000000000020 x17=0x0000600003874030 x18=0x0000000000000000 x19=0x00000001273f0a40
x20=0x000000017f0d2528 x21=0x000000017f0d2348 x22=0x00000001273f0a40 x23=0x000000017f0d03b8
x24=0x00000000000001db x25=0x00000001273f0a40 x26=0x00000001273f0a40 x27=0x00000001273f31e8
x28=0x000000016ded3038  fp=0x000000017f0d0350  lr=0x000000016d7bf9c4  sp=0x000000017f0d0300
pc=0x000000016d7d3e18 cpsr=0x0000000080001000
Top of Stack: (sp=0x000000017f0d0300)
0x000000017f0d0300:   0000000000000001 0000000000000000
0x000000017f0d0310:   00000001273f0a40 00000001273f0a40
0x000000017f0d0320:   00000000000001db 000000017f0d03b8
0x000000017f0d0330:   00000001273f0a40 0000000000000000
0x000000017f0d0340:   000000017f0d0ae0 000000017f0d0ae0
0x000000017f0d0350:   000000017f0d03a0 000000016ddcec98
0x000000017f0d0360:   00000001273f0a40 00000001273f0a40
0x000000017f0d0370:   0000000000000000 000000017f0d1468
0x000000017f0d0380:   0000000126ad7588 00000000000027d8
0x000000017f0d0390:   00000001273f0a00 000000017f0d0ae0
0x000000017f0d03a0:   000000017f0d0410 000000016ddcab98
0x000000017f0d03b0:   0000000000000001 0000000000000001
0x000000017f0d03c0:   000000016ded3038 000000016e23b407
0x000000017f0d03d0:   0000000000000000 000000017f0d2348
0x000000017f0d03e0:   00000001274317d8 000000017f0d2528
0x000000017f0d03f0:   0000000126ad7588 0000000126ad6f18
0x000000017f0d0400:   0000000107bb4a70 000000017f0d0ae0
0x000000017f0d0410:   000000017f0d0460 000000016ddcdbe0
0x000000017f0d0420:   0000000000000000 000000017f0d21e8
0x000000017f0d0430:   000000016e23b407 000000016e242f00
0x000000017f0d0440:   0000000000000008 0000000000000000
0x000000017f0d0450:   000000017f0d0ae0 0000000126ad7358
0x000000017f0d0460:   000000017f0d04d0 000000016ddc9c2c
0x000000017f0d0470:   0400000000000000 0000000000000000
0x000000017f0d0480:   0000000000000000 0000000000000000
0x000000017f0d0490:   0000000000000000 0000000100000001
0x000000017f0d04a0:   0000000000000000 0000000200000000
0x000000017f0d04b0:   000000016e1074d6 0000000000000000
0x000000017f0d04c0:   000000016e0c329c 000000017f0d0ae0
0x000000017f0d04d0:   000000017f0d05a0 000000016ddc9054
0x000000017f0d04e0:   0000000000000000 0000000000000000
0x000000017f0d04f0:   0000000000000000 0000000000000000 

Instructions: (pc=0x000000016d7d3e18)
0x000000016d7d3d18:   