#
# A fatal error has been detected by the Java Runtime Environment:
#
#  SIGSEGV (0xb) at pc=0x000000016d4f4c3c, pid=20485, tid=26371
#
# JRE version: OpenJDK Runtime Environment Zulu15.40+19-CA (15.0.7+4) (build 15.0.7+4-MTS)
# Java VM: OpenJDK 64-Bit Server VM Zulu15.40+19-CA (15.0.7+4-MTS, mixed mode, tiered, compressed oops, g1 gc, bsd-aarch64)
# Problematic frame:
# V  [libjvm.dylib+0xb8c3c]  Node::latency(unsigned int)+0x0
#
# No core dump will be written. Core dumps have been disabled. To enable core dumping, try "ulimit -c unlimited" before starting Java again
#
# If you would like to submit a bug report, please visit:
#   http://www.azul.com/support/
#

---------------  S U M M A R Y ------------

Command Line: -Dfile.encoding=UTF8 -ea -Xmx1024m 

Host: MacBookPro18,3 arm64 1 MHz, 8 cores, 16G, Darwin 21.3.0
Time: Mon Aug 22 16:54:29 2022 KST elapsed time: 0.021260 seconds (0d 0h 0m 0s)

---------------  T H R E A D  ---------------

Current thread (0x00000001055fa600):  JavaThread "C2 CompilerThread0" daemon [_thread_in_vm, id=26371, stack(0x0000000290c4c000,0x0000000290e4f000)]

Stack: [0x0000000290c4c000,0x0000000290e4f000],  sp=0x0000000290e4c1b0,  free space=2048k
Native frames: (J=compiled Java code, A=aot compiled Java code, j=interpreted, Vv=VM code, C=native code)
V  [libjvm.dylib+0xb8c3c]  Node::latency(unsigned int)+0x0
V  [libjvm.dylib+0x35dca4]  PhaseCFG::global_code_motion()+0x218
V  [libjvm.dylib+0x35e210]  PhaseCFG::do_global_code_motion()+0x3c
V  [libjvm.dylib+0x229aac]  Compile::Code_Gen()+0x234
V  [libjvm.dylib+0x22a430]  Compile::Compile(ciEnv*, TypeFunc const* (*)(), unsigned char*, char const*, int, bool, bool, bool, DirectiveSet*)+0x3ec
V  [libjvm.dylib+0x796fd4]  OptoRuntime::generate_stub(ciEnv*, TypeFunc const* (*)(), unsigned char*, char const*, int, bool, bool, bool)+0xb0
V  [libjvm.dylib+0x796bfc]  OptoRuntime::generate(ciEnv*)+0x44
V  [libjvm.dylib+0x19e370]  C2Compiler::initialize()+0xfc
V  [libjvm.dylib+0x237540]  CompileBroker::init_compiler_runtime()+0x148
V  [libjvm.dylib+0x237bf0]  CompileBroker::compiler_thread_loop()+0x1cc
V  [libjvm.dylib+0x8cb660]  JavaThread::thread_main_inner()+0xa0
V  [libjvm.dylib+0x8c8b5c]  Thread::call_run()+0x88
V  [libjvm.dylib+0x711b78]  thread_native_entry(Thread*)+0x1d0
C  [libsystem_pthread.dylib+0x7240]  _pthread_start+0x94


siginfo: si_signo: 11 (SIGSEGV), si_code: 2 (SEGV_ACCERR), si_addr: 0x000000016d4f4c3c

Register to memory mapping:

 x0=0x000000012533a0d0 points into unknown readable memory: 0x000000016de85538 | 38 55 e8 6d 01 00 00 00
 x1=0x0 is NULL
 x2=0x0 is NULL
 x3=0x0000000125326d04 points into unknown readable memory: 03 00 00 00
 x4=0xffffffffffffee70 is an unknown value
 x5=0x0000000000000008 is an unknown value
 x6=0x000000012533b3a8 points into unknown readable memory: 0x000000016dea8cc0 | c0 8c ea 6d 01 00 00 00
 x7=0x0000000125328250 points into unknown readable memory: 0x0000000000000000 | 00 00 00 00 00 00 00 00
 x8=0x0000000000000006 is an unknown value
 x9=0x000000012533b910 points into unknown readable memory: 0x000000012533bb10 | 10 bb 33 25 01 00 00 00
x10=0x0000000000000004 is an unknown value
x11=0x0 is NULL
x12=0x0000000000000001 is an unknown value
x13=0x000000012533ab38 points into unknown readable memory: 0x000000016de87c08 | 08 7c e8 6d 01 00 00 00
x14=0x0 is NULL
x15=0x0 is NULL
x16=0x0000000000000020 is an unknown value
x17=0x00006000008883f0 points into unknown readable memory: 0x0000000000000000 | 00 00 00 00 00 00 00 00
x18=0x0 is NULL
x19=0x0000000290e4ca40 is pointing into the stack for thread: 0x00000001055fa600
x20=0x000000012533a0d0 points into unknown readable memory: 0x000000016de85538 | 38 55 e8 6d 01 00 00 00
x21=0x0 is NULL
x22=0x0 is NULL
x23=0x000000012533b7b8 points into unknown readable memory: 0x000000016dea8720 | 20 87 ea 6d 01 00 00 00
x24=0x0000000000000018 is an unknown value
x25=0x0000000000000008 is an unknown value
x26=0x0000000000000003 is an unknown value
x27=0x000000016df3b407 is pointing into the stack for thread: 0x0000000125c70400
x28=0x00000001253277e8 points into unknown readable memory: 0x0000000000000000 | 00 00 00 00 00 00 00 00


Registers:
 x0=0x000000012533a0d0  x1=0x0000000000000000  x2=0x0000000000000000  x3=0x0000000125326d04
 x4=0xffffffffffffee70  x5=0x0000000000000008  x6=0x000000012533b3a8  x7=0x0000000125328250
 x8=0x0000000000000006  x9=0x000000012533b910 x10=0x0000000000000004 x11=0x0000000000000000
x12=0x0000000000000001 x13=0x000000012533ab38 x14=0x0000000000000000 x15=0x0000000000000000
x16=0x0000000000000020 x17=0x00006000008883f0 x18=0x0000000000000000 x19=0x0000000290e4ca40
x20=0x000000012533a0d0 x21=0x0000000000000000 x22=0x0000000000000000 x23=0x000000012533b7b8
x24=0x0000000000000018 x25=0x0000000000000008 x26=0x0000000000000003 x27=0x000000016df3b407
x28=0x00000001253277e8  fp=0x0000000290e4c1f0  lr=0x000000016d798bc0  sp=0x0000000290e4c1b0
pc=0x000000016d4f4c3c cpsr=0x0000000080001000
Top of Stack: (sp=0x0000000290e4c1b0)
0x0000000290e4c1b0:   0000000000000000 00000001c72a8530
0x0000000290e4c1c0:   0000000000000018 0000000000000004
0x0000000290e4c1d0:   000000012533a058 0000000290e4ca40
0x0000000290e4c1e0:   00000000000083b0 0000600000888360
0x0000000290e4c1f0:   0000000290e4c580 000000016d799ca4
0x0000000290e4c200:   0000000290e4c240 000000016d6de6b4
0x0000000290e4c210:   0000000000000000 0000000000007fe8
0x0000000290e4c220:   000000012531f800 0000000125326d00
0x0000000290e4c230:   0000000000000000 0000000125330138
0x0000000290e4c240:   0000000290e4c2c0 000000016dacec30
0x0000000290e4c250:   000000000000009d 0000000290e4c3d8
0x0000000290e4c260:   0000000125330200 0000000000000000
0x0000000290e4c270:   0000000125338f40 00000001253383c0
0x0000000290e4c280:   000000000000009d 0000000290e4c3d8
0x0000000290e4c290:   0000000290e4cae0 000000012533b410
0x0000000290e4c2a0:   0000000290e4c300 000000016dacf690
0x0000000290e4c2b0:   0000000125337840 0000000125337840
0x0000000290e4c2c0:   00000000000001da 00000001253383c0
0x0000000290e4c2d0:   000000000000009d 0000000125337840
0x0000000290e4c2e0:   0000000000000001 0000000290e4c3d8
0x0000000290e4c2f0:   0000000290e4cae0 000000012533b410
0x0000000290e4c300:   0000000290e4c370 000000016dacf218
0x0000000290e4c310:   0000000290e4c370 000000016d4debf4
0x0000000290e4c320:   0000000290e4c350 af3f80016dd0f1a4
0x0000000290e4c330:   0000000290e4c350 982080016dd0f2dc
0x0000000290e4c340:   0000000290e4c3e0 000000016dacd04c
0x0000000290e4c350:   00c0000000000000 0000000000000000
0x0000000290e4c360:   0000000000000000 0000000290e4c508
0x0000000290e4c370:   0000000290e4c4e8 0000000290e4ca40
0x0000000290e4c380:   0000000000000000 0000004000000000
0x0000000290e4c390:   00000001253266c0 000000016dda2308
0x0000000290e4c3a0:   0000000290e4c3e0 000000016da78b40 

Instructions: (pc=0x000000016d4f4c3c)
0x000000016d4f4b3c:   